1768175893.585491âš ï¸ Pip uninstall for Pillow failed due to permission/system package management. Proceeding with install. Error: ERROR: Exception:
Traceback (most recent call last):
  File "/usr/lib/python3.12/shutil.py", line 886, in move
    os.rename(src, real_dst)
PermissionError: [Errno 13] Permission denied: '/usr/lib/python3/dist-packages/PIL' -> '/tmp/pip-uninstall-bkpjgj0p'

During handling of the above exception, another exception occurred:

Traceback (most recent call last):
  File "/home/anthony/.local/lib/python3.12/site-packages/pip/_internal/cli/base_command.py", line 107, in _run_wrapper
    status = _inner_run()
             ^^^^^^^^^^^^
  File "/home/anthony/.local/lib/python3.12/site-packages/pip/_internal/cli/base_command.py", line 98, in _inner_run
    return self.run(options, args)
           ^^^^^^^^^^^^^^^^^^^^^^^
  File "/home/anthony/.local/lib/python3.12/site-packages/pip/_internal/commands/uninstall.py", line 105, in run
    uninstall_pathset = req.uninstall(
                        ^^^^^^^^^^^^^^
  File "/home/anthony/.local/lib/python3.12/site-packages/pip/_internal/req/req_install.py", line 726, in uninstall
    uninstalled_pathset.remove(auto_confirm, verbose)
  File "/home/anthony/.local/lib/python3.12/site-packages/pip/_internal/req/req_uninstall.py", line 373, in remove
    moved.stash(path)
  File "/home/anthony/.local/lib/python3.12/site-packages/pip/_internal/req/req_uninstall.py", line 264, in stash
    renames(path, new_path)
  File "/home/anthony/.local/lib/python3.12/site-packages/pip/_internal/utils/misc.py", line 342, in renames
    shutil.move(old, new)
  File "/usr/lib/python3.12/shutil.py", line 904, in move
    rmtree(src)
  File "/usr/lib/python3.12/shutil.py", line 785, in rmtree
    _rmtree_safe_fd(fd, path, onexc)
  File "/usr/lib/python3.12/shutil.py", line 717, in _rmtree_safe_fd
    onexc(os.unlink, fullname, err)
  File "/usr/lib/python3.12/shutil.py", line 715, in _rmtree_safe_fd
    os.unlink(entry.name, dir_fd=topfd)
PermissionError: [Errno 13] Permission denied: '_version.py' âŒ OpenAirğŸª¿ conditional console print  ğŸ§© {'version': '20251226.000000.1'}
1768175902.700274âš ï¸ Pip uninstall for pyvisa failed due to permission/system package management. Proceeding with install. Error: ERROR: Exception:
Traceback (most recent call last):
  File "/usr/lib/python3.12/shutil.py", line 886, in move
    os.rename(src, real_dst)
PermissionError: [Errno 13] Permission denied: '/usr/lib/python3/dist-packages/PyVISA-1.11.3.egg-info' -> '/tmp/pip-uninstall-sjjqzrc2'

During handling of the above exception, another exception occurred:

Traceback (most recent call last):
  File "/home/anthony/.local/lib/python3.12/site-packages/pip/_internal/cli/base_command.py", line 107, in _run_wrapper
    status = _inner_run()
             ^^^^^^^^^^^^
  File "/home/anthony/.local/lib/python3.12/site-packages/pip/_internal/cli/base_command.py", line 98, in _inner_run
    return self.run(options, args)
           ^^^^^^^^^^^^^^^^^^^^^^^
  File "/home/anthony/.local/lib/python3.12/site-packages/pip/_internal/commands/uninstall.py", line 105, in run
    uninstall_pathset = req.uninstall(
                        ^^^^^^^^^^^^^^
  File "/home/anthony/.local/lib/python3.12/site-packages/pip/_internal/req/req_install.py", line 726, in uninstall
    uninstalled_pathset.remove(auto_confirm, verbose)
  File "/home/anthony/.local/lib/python3.12/site-packages/pip/_internal/req/req_uninstall.py", line 373, in remove
    moved.stash(path)
  File "/home/anthony/.local/lib/python3.12/site-packages/pip/_internal/req/req_uninstall.py", line 264, in stash
    renames(path, new_path)
  File "/home/anthony/.local/lib/python3.12/site-packages/pip/_internal/utils/misc.py", line 342, in renames
    shutil.move(old, new)
  File "/usr/lib/python3.12/shutil.py", line 904, in move
    rmtree(src)
  File "/usr/lib/python3.12/shutil.py", line 785, in rmtree
    _rmtree_safe_fd(fd, path, onexc)
  File "/usr/lib/python3.12/shutil.py", line 717, in _rmtree_safe_fd
    onexc(os.unlink, fullname, err)
  File "/usr/lib/python3.12/shutil.py", line 715, in _rmtree_safe_fd
    os.unlink(entry.name, dir_fd=topfd)
PermissionError: [Errno 13] Permission denied: 'requires.txt' âŒ OpenAirğŸª¿ conditional console print  ğŸ§© {'version': '20251226.000000.1'}
1768175912.387487âš ï¸ Pip uninstall for pyserial failed due to permission/system package management. Proceeding with install. Error: ERROR: Exception:
Traceback (most recent call last):
  File "/usr/lib/python3.12/shutil.py", line 886, in move
    os.rename(src, real_dst)
PermissionError: [Errno 13] Permission denied: '/usr/lib/python3/dist-packages/pyserial-3.5.egg-info' -> '/tmp/pip-uninstall-traoqiy3'

During handling of the above exception, another exception occurred:

Traceback (most recent call last):
  File "/home/anthony/.local/lib/python3.12/site-packages/pip/_internal/cli/base_command.py", line 107, in _run_wrapper
    status = _inner_run()
             ^^^^^^^^^^^^
  File "/home/anthony/.local/lib/python3.12/site-packages/pip/_internal/cli/base_command.py", line 98, in _inner_run
    return self.run(options, args)
           ^^^^^^^^^^^^^^^^^^^^^^^
  File "/home/anthony/.local/lib/python3.12/site-packages/pip/_internal/commands/uninstall.py", line 105, in run
    uninstall_pathset = req.uninstall(
                        ^^^^^^^^^^^^^^
  File "/home/anthony/.local/lib/python3.12/site-packages/pip/_internal/req/req_install.py", line 726, in uninstall
    uninstalled_pathset.remove(auto_confirm, verbose)
  File "/home/anthony/.local/lib/python3.12/site-packages/pip/_internal/req/req_uninstall.py", line 373, in remove
    moved.stash(path)
  File "/home/anthony/.local/lib/python3.12/site-packages/pip/_internal/req/req_uninstall.py", line 264, in stash
    renames(path, new_path)
  File "/home/anthony/.local/lib/python3.12/site-packages/pip/_internal/utils/misc.py", line 342, in renames
    shutil.move(old, new)
  File "/usr/lib/python3.12/shutil.py", line 904, in move
    rmtree(src)
  File "/usr/lib/python3.12/shutil.py", line 785, in rmtree
    _rmtree_safe_fd(fd, path, onexc)
  File "/usr/lib/python3.12/shutil.py", line 717, in _rmtree_safe_fd
    onexc(os.unlink, fullname, err)
  File "/usr/lib/python3.12/shutil.py", line 715, in _rmtree_safe_fd
    os.unlink(entry.name, dir_fd=topfd)
PermissionError: [Errno 13] Permission denied: 'requires.txt' âŒ OpenAirğŸª¿ conditional console print  ğŸ§© {'version': '20251226.000000.1'}
1768175935.443531      âŒ VISA IO Error during IDN query for TCPIP::44.44.44.222::gpib7,5::INSTR: VI_ERROR_IO (-1073807298): Could not perform operation because of I/O error. âŒ manager visa SearchğŸª¿  query device safe  ğŸ§© {'version': 'Unknown_Ver', 'level': 'ERROR'}
1768176073.970258âŒ Error in _load_and_build_from_file: unexpected control character in string: line 6 column 21 (char 132) âŒ gui file loaderğŸª¿  load and build from file  ğŸ§© {'version': 'Unknown_Ver'}
